  [1m[35m (1.1ms)[0m  [1m[34mSELECT sqlite_version(*)[0m
  [1m[35m (0.5ms)[0m  [1m[34mSELECT sqlite_version(*)[0m
  [1m[35m (4.0ms)[0m  [1m[35mCREATE TABLE "schema_migrations" ("version" varchar NOT NULL PRIMARY KEY)[0m
  [1m[35m (3.3ms)[0m  [1m[35mCREATE TABLE "ar_internal_metadata" ("key" varchar NOT NULL PRIMARY KEY, "value" varchar, "created_at" datetime(6) NOT NULL, "updated_at" datetime(6) NOT NULL)[0m
  [1m[35m (0.2ms)[0m  [1m[34mSELECT "schema_migrations"."version" FROM "schema_migrations" ORDER BY "schema_migrations"."version" ASC[0m
Migrating to CreateMember (20211013180101)
  [1m[36mTRANSACTION (0.1ms)[0m  [1m[36mbegin transaction[0m
  [1m[35m (0.4ms)[0m  [1m[35mCREATE TABLE "members" ("id" integer PRIMARY KEY AUTOINCREMENT NOT NULL, "name" varchar, "surname" varchar, "email" varchar, "birthday" varchar, "games_played" integer DEFAULT 0, "rank" integer, "active" boolean DEFAULT 1, "created_at" datetime NOT NULL, "updated_at" datetime NOT NULL)[0m
  [1m[36mActiveRecord::SchemaMigration Create (0.2ms)[0m  [1m[32mINSERT INTO "schema_migrations" ("version") VALUES (?)[0m  [["version", "20211013180101"]]
  [1m[36mTRANSACTION (3.3ms)[0m  [1m[36mcommit transaction[0m
Migrating to CreateMatch (20211013183001)
  [1m[36mTRANSACTION (0.1ms)[0m  [1m[36mbegin transaction[0m
  [1m[35m (0.4ms)[0m  [1m[35mCREATE TABLE "matches" ("id" integer PRIMARY KEY AUTOINCREMENT NOT NULL, "first_member_id" integer, "second_member_id" integer, "winning_member_id" integer, "created_at" datetime NOT NULL, "updated_at" datetime NOT NULL, CONSTRAINT "fk_rails_68720c3d71"
FOREIGN KEY ("first_member_id")
  REFERENCES "members" ("id")
, CONSTRAINT "fk_rails_dada96cb86"
FOREIGN KEY ("second_member_id")
  REFERENCES "members" ("id")
)[0m
  [1m[35m (0.2ms)[0m  [1m[35mCREATE INDEX "index_matches_on_first_member_id" ON "matches" ("first_member_id")[0m
  [1m[35m (0.2ms)[0m  [1m[35mCREATE INDEX "index_matches_on_second_member_id" ON "matches" ("second_member_id")[0m
  [1m[36mActiveRecord::SchemaMigration Create (0.2ms)[0m  [1m[32mINSERT INTO "schema_migrations" ("version") VALUES (?)[0m  [["version", "20211013183001"]]
  [1m[36mTRANSACTION (3.1ms)[0m  [1m[36mcommit transaction[0m
  [1m[36mActiveRecord::InternalMetadata Load (0.2ms)[0m  [1m[34mSELECT "ar_internal_metadata".* FROM "ar_internal_metadata" WHERE "ar_internal_metadata"."key" = ? LIMIT ?[0m  [["key", "environment"], ["LIMIT", 1]]
  [1m[36mTRANSACTION (0.1ms)[0m  [1m[36mbegin transaction[0m
  [1m[36mActiveRecord::InternalMetadata Create (0.3ms)[0m  [1m[32mINSERT INTO "ar_internal_metadata" ("key", "value", "created_at", "updated_at") VALUES (?, ?, ?, ?)[0m  [["key", "environment"], ["value", "development"], ["created_at", "2021-10-15 07:36:05.141958"], ["updated_at", "2021-10-15 07:36:05.141958"]]
  [1m[36mTRANSACTION (2.7ms)[0m  [1m[36mcommit transaction[0m
  [1m[35m (0.1ms)[0m  [1m[34mSELECT sqlite_version(*)[0m
  [1m[35m (0.1ms)[0m  [1m[34mSELECT "schema_migrations"."version" FROM "schema_migrations" ORDER BY "schema_migrations"."version" ASC[0m
  [1m[35m (0.3ms)[0m  [1m[34mSELECT sqlite_version(*)[0m
  [1m[35m (0.2ms)[0m  [1m[34mSELECT "schema_migrations"."version" FROM "schema_migrations" ORDER BY "schema_migrations"."version" ASC[0m
  [1m[35m (0.1ms)[0m  [1m[34mSELECT sqlite_version(*)[0m
  [1m[35m (0.1ms)[0m  [1m[34mSELECT COUNT(*) FROM "members" WHERE "members"."active" = ?[0m  [["active", 1]]
  [1m[36mMember Load (0.2ms)[0m  [1m[34mSELECT "members".* FROM "members" WHERE "members"."name" = ? AND "members"."surname" = ? AND "members"."email" = ? AND "members"."birthday" = ? AND "members"."rank" = ? LIMIT ?[0m  [["name", "Jane"], ["surname", "Doe"], ["email", "Janedoe@gmail.com"], ["birthday", "01/01/1991"], ["rank", 1], ["LIMIT", 1]]
  [1m[36mTRANSACTION (0.1ms)[0m  [1m[36mbegin transaction[0m
  [1m[36mMember Create (0.3ms)[0m  [1m[32mINSERT INTO "members" ("name", "surname", "email", "birthday", "rank", "created_at", "updated_at") VALUES (?, ?, ?, ?, ?, ?, ?)[0m  [["name", "Jane"], ["surname", "Doe"], ["email", "Janedoe@gmail.com"], ["birthday", "01/01/1991"], ["rank", 1], ["created_at", "2021-10-15 07:36:10.845038"], ["updated_at", "2021-10-15 07:36:10.845038"]]
  [1m[36mTRANSACTION (2.1ms)[0m  [1m[36mcommit transaction[0m
  [1m[35m (0.2ms)[0m  [1m[34mSELECT COUNT(*) FROM "members" WHERE "members"."active" = ?[0m  [["active", 1]]
  [1m[36mMember Load (0.1ms)[0m  [1m[34mSELECT "members".* FROM "members" WHERE "members"."name" = ? AND "members"."surname" = ? AND "members"."email" = ? AND "members"."birthday" = ? AND "members"."rank" = ? LIMIT ?[0m  [["name", "Peter"], ["surname", "Drury"], ["email", "PeterDrury@gmail.com"], ["birthday", "01/02/1991"], ["rank", 2], ["LIMIT", 1]]
  [1m[36mTRANSACTION (0.1ms)[0m  [1m[36mbegin transaction[0m
  [1m[36mMember Create (0.2ms)[0m  [1m[32mINSERT INTO "members" ("name", "surname", "email", "birthday", "rank", "created_at", "updated_at") VALUES (?, ?, ?, ?, ?, ?, ?)[0m  [["name", "Peter"], ["surname", "Drury"], ["email", "PeterDrury@gmail.com"], ["birthday", "01/02/1991"], ["rank", 2], ["created_at", "2021-10-15 07:36:10.853251"], ["updated_at", "2021-10-15 07:36:10.853251"]]
  [1m[36mTRANSACTION (2.4ms)[0m  [1m[36mcommit transaction[0m
  [1m[35m (0.2ms)[0m  [1m[34mSELECT COUNT(*) FROM "members" WHERE "members"."active" = ?[0m  [["active", 1]]
  [1m[36mMember Load (0.1ms)[0m  [1m[34mSELECT "members".* FROM "members" WHERE "members"."name" = ? AND "members"."surname" = ? AND "members"."email" = ? AND "members"."birthday" = ? AND "members"."rank" = ? LIMIT ?[0m  [["name", "Mark"], ["surname", "Smith"], ["email", "MarkSmith@gmail.com"], ["birthday", "01/03/1991"], ["rank", 3], ["LIMIT", 1]]
  [1m[36mTRANSACTION (0.1ms)[0m  [1m[36mbegin transaction[0m
  [1m[36mMember Create (0.3ms)[0m  [1m[32mINSERT INTO "members" ("name", "surname", "email", "birthday", "rank", "created_at", "updated_at") VALUES (?, ?, ?, ?, ?, ?, ?)[0m  [["name", "Mark"], ["surname", "Smith"], ["email", "MarkSmith@gmail.com"], ["birthday", "01/03/1991"], ["rank", 3], ["created_at", "2021-10-15 07:36:10.861790"], ["updated_at", "2021-10-15 07:36:10.861790"]]
  [1m[36mTRANSACTION (2.3ms)[0m  [1m[36mcommit transaction[0m
  [1m[35m (0.2ms)[0m  [1m[34mSELECT COUNT(*) FROM "members" WHERE "members"."active" = ?[0m  [["active", 1]]
  [1m[36mMember Load (0.1ms)[0m  [1m[34mSELECT "members".* FROM "members" WHERE "members"."name" = ? AND "members"."surname" = ? AND "members"."email" = ? AND "members"."birthday" = ? AND "members"."rank" = ? LIMIT ?[0m  [["name", "Will"], ["surname", "Fax"], ["email", "WillFax@gmail.com"], ["birthday", "01/04/1991"], ["rank", 4], ["LIMIT", 1]]
  [1m[36mTRANSACTION (0.1ms)[0m  [1m[36mbegin transaction[0m
  [1m[36mMember Create (0.3ms)[0m  [1m[32mINSERT INTO "members" ("name", "surname", "email", "birthday", "rank", "created_at", "updated_at") VALUES (?, ?, ?, ?, ?, ?, ?)[0m  [["name", "Will"], ["surname", "Fax"], ["email", "WillFax@gmail.com"], ["birthday", "01/04/1991"], ["rank", 4], ["created_at", "2021-10-15 07:36:10.871668"], ["updated_at", "2021-10-15 07:36:10.871668"]]
  [1m[36mTRANSACTION (2.2ms)[0m  [1m[36mcommit transaction[0m
  [1m[35m (0.5ms)[0m  [1m[34mSELECT sqlite_version(*)[0m
  [1m[35m (0.2ms)[0m  [1m[34mSELECT "ar_internal_metadata"."value" FROM "ar_internal_metadata" WHERE "ar_internal_metadata"."key" = ?[0m  [["key", "schema_sha1"]]
  [1m[35m (0.1ms)[0m  [1m[34mSELECT sqlite_version(*)[0m
  [1m[35m (0.1ms)[0m  [1m[34mSELECT "schema_migrations"."version" FROM "schema_migrations" ORDER BY "schema_migrations"."version" ASC[0m
  [1m[36mTRANSACTION (0.1ms)[0m  [1m[36mbegin transaction[0m
Processing by MembersController#create as HTML
  Parameters: {"member"=>{"birthday"=>"01/01/1991", "email"=>"peterdrury@gmail.com", "name"=>"Peter", "surname"=>"Drury"}}
  [1m[35m (0.1ms)[0m  [1m[34mSELECT COUNT(*) FROM "members" WHERE "members"."active" = ?[0m  [["active", 1]]
  ↳ app/controllers/members_controller.rb:8:in `create'
  [1m[36mTRANSACTION (0.1ms)[0m  [1m[35mSAVEPOINT active_record_1[0m
  ↳ app/controllers/members_controller.rb:11:in `create'
  [1m[36mMember Create (0.3ms)[0m  [1m[32mINSERT INTO "members" ("name", "surname", "email", "birthday", "rank", "created_at", "updated_at") VALUES (?, ?, ?, ?, ?, ?, ?)[0m  [["name", "Peter"], ["surname", "Drury"], ["email", "peterdrury@gmail.com"], ["birthday", "01/01/1991"], ["rank", 5], ["created_at", "2021-10-15 07:36:18.003980"], ["updated_at", "2021-10-15 07:36:18.003980"]]
  ↳ app/controllers/members_controller.rb:11:in `create'
  [1m[36mTRANSACTION (0.1ms)[0m  [1m[35mRELEASE SAVEPOINT active_record_1[0m
  ↳ app/controllers/members_controller.rb:11:in `create'
Redirected to http://test.host/members/view_all
Completed 302 Found in 18ms (ActiveRecord: 1.2ms | Allocations: 9471)


  [1m[35m (0.1ms)[0m  [1m[34mSELECT COUNT(*) FROM "members"[0m
  [1m[36mTRANSACTION (0.7ms)[0m  [1m[31mrollback transaction[0m
  [1m[36mTRANSACTION (0.1ms)[0m  [1m[36mbegin transaction[0m
  [1m[36mTRANSACTION (0.1ms)[0m  [1m[35mSAVEPOINT active_record_1[0m
  [1m[36mMember Create (0.3ms)[0m  [1m[32mINSERT INTO "members" ("name", "surname", "created_at", "updated_at") VALUES (?, ?, ?, ?)[0m  [["name", "Peter"], ["surname", "Griffin"], ["created_at", "2021-10-15 07:36:18.045227"], ["updated_at", "2021-10-15 07:36:18.045227"]]
  [1m[36mTRANSACTION (0.1ms)[0m  [1m[35mRELEASE SAVEPOINT active_record_1[0m
  [1m[36mTRANSACTION (0.1ms)[0m  [1m[35mSAVEPOINT active_record_1[0m
  [1m[36mMember Create (0.1ms)[0m  [1m[32mINSERT INTO "members" ("name", "surname", "created_at", "updated_at") VALUES (?, ?, ?, ?)[0m  [["name", "Luke"], ["surname", "Griffin"], ["created_at", "2021-10-15 07:36:18.048899"], ["updated_at", "2021-10-15 07:36:18.048899"]]
  [1m[36mTRANSACTION (0.1ms)[0m  [1m[35mRELEASE SAVEPOINT active_record_1[0m
  [1m[36mTRANSACTION (0.1ms)[0m  [1m[35mSAVEPOINT active_record_1[0m
  [1m[36mMatch Create (0.3ms)[0m  [1m[32mINSERT INTO "matches" ("first_member_id", "second_member_id", "winning_member_id", "created_at", "updated_at") VALUES (?, ?, ?, ?, ?)[0m  [["first_member_id", 5], ["second_member_id", 6], ["winning_member_id", 1], ["created_at", "2021-10-15 07:36:18.058309"], ["updated_at", "2021-10-15 07:36:18.058309"]]
  [1m[36mTRANSACTION (0.1ms)[0m  [1m[35mRELEASE SAVEPOINT active_record_1[0m
  [1m[35m (0.1ms)[0m  [1m[34mSELECT COUNT(*) FROM "members"[0m
  [1m[36mTRANSACTION (0.2ms)[0m  [1m[31mrollback transaction[0m
  [1m[35m (0.4ms)[0m  [1m[34mSELECT sqlite_version(*)[0m
  [1m[35m (0.1ms)[0m  [1m[34mSELECT "ar_internal_metadata"."value" FROM "ar_internal_metadata" WHERE "ar_internal_metadata"."key" = ?[0m  [["key", "schema_sha1"]]
  [1m[35m (0.1ms)[0m  [1m[34mSELECT sqlite_version(*)[0m
  [1m[35m (0.1ms)[0m  [1m[34mSELECT "schema_migrations"."version" FROM "schema_migrations" ORDER BY "schema_migrations"."version" ASC[0m
  [1m[36mTRANSACTION (0.1ms)[0m  [1m[36mbegin transaction[0m
Processing by MembersController#create as HTML
  Parameters: {"member"=>{"birthday"=>"01/01/1991", "email"=>"peterdrury@gmail.com", "name"=>"Peter", "surname"=>"Drury"}}
  [1m[35m (0.1ms)[0m  [1m[34mSELECT COUNT(*) FROM "members" WHERE "members"."active" = ?[0m  [["active", 1]]
  ↳ app/controllers/members_controller.rb:8:in `create'
  [1m[36mTRANSACTION (0.1ms)[0m  [1m[35mSAVEPOINT active_record_1[0m
  ↳ app/controllers/members_controller.rb:11:in `create'
  [1m[36mMember Create (0.3ms)[0m  [1m[32mINSERT INTO "members" ("name", "surname", "email", "birthday", "rank", "created_at", "updated_at") VALUES (?, ?, ?, ?, ?, ?, ?)[0m  [["name", "Peter"], ["surname", "Drury"], ["email", "peterdrury@gmail.com"], ["birthday", "01/01/1991"], ["rank", 5], ["created_at", "2021-10-15 07:38:24.733934"], ["updated_at", "2021-10-15 07:38:24.733934"]]
  ↳ app/controllers/members_controller.rb:11:in `create'
  [1m[36mTRANSACTION (0.1ms)[0m  [1m[35mRELEASE SAVEPOINT active_record_1[0m
  ↳ app/controllers/members_controller.rb:11:in `create'
Redirected to http://test.host/members/view_all
Completed 302 Found in 19ms (ActiveRecord: 1.1ms | Allocations: 9471)


  [1m[35m (0.1ms)[0m  [1m[34mSELECT COUNT(*) FROM "members"[0m
  [1m[36mTRANSACTION (0.3ms)[0m  [1m[31mrollback transaction[0m
  [1m[36mTRANSACTION (0.1ms)[0m  [1m[36mbegin transaction[0m
  [1m[35m (0.2ms)[0m  [1m[34mSELECT COUNT(*) FROM "members"[0m
  [1m[36mTRANSACTION (0.1ms)[0m  [1m[35mSAVEPOINT active_record_1[0m
  [1m[36mMember Create (0.3ms)[0m  [1m[32mINSERT INTO "members" ("name", "surname", "created_at", "updated_at") VALUES (?, ?, ?, ?)[0m  [["name", "Peter"], ["surname", "Griffin"], ["created_at", "2021-10-15 07:38:24.761520"], ["updated_at", "2021-10-15 07:38:24.761520"]]
  [1m[36mTRANSACTION (0.1ms)[0m  [1m[35mRELEASE SAVEPOINT active_record_1[0m
  [1m[36mTRANSACTION (0.1ms)[0m  [1m[35mSAVEPOINT active_record_1[0m
  [1m[36mMember Create (0.2ms)[0m  [1m[32mINSERT INTO "members" ("name", "surname", "created_at", "updated_at") VALUES (?, ?, ?, ?)[0m  [["name", "Luke"], ["surname", "Griffin"], ["created_at", "2021-10-15 07:38:24.765640"], ["updated_at", "2021-10-15 07:38:24.765640"]]
  [1m[36mTRANSACTION (0.1ms)[0m  [1m[35mRELEASE SAVEPOINT active_record_1[0m
  [1m[36mTRANSACTION (0.1ms)[0m  [1m[35mSAVEPOINT active_record_1[0m
  [1m[36mMatch Create (0.2ms)[0m  [1m[32mINSERT INTO "matches" ("first_member_id", "second_member_id", "winning_member_id", "created_at", "updated_at") VALUES (?, ?, ?, ?, ?)[0m  [["first_member_id", 5], ["second_member_id", 6], ["winning_member_id", 1], ["created_at", "2021-10-15 07:38:24.773190"], ["updated_at", "2021-10-15 07:38:24.773190"]]
  [1m[36mTRANSACTION (0.1ms)[0m  [1m[35mRELEASE SAVEPOINT active_record_1[0m
  [1m[35m (0.1ms)[0m  [1m[34mSELECT COUNT(*) FROM "members"[0m
  [1m[35m (0.1ms)[0m  [1m[34mSELECT COUNT(*) FROM "matches"[0m
  [1m[36mMatch Load (0.1ms)[0m  [1m[34mSELECT "matches".* FROM "matches" ORDER BY "matches"."id" ASC LIMIT ?[0m  [["LIMIT", 1]]
  [1m[36mMatch Load (0.0ms)[0m  [1m[34mSELECT "matches".* FROM "matches" ORDER BY "matches"."id" ASC LIMIT ?[0m  [["LIMIT", 1]]
  [1m[36mTRANSACTION (0.2ms)[0m  [1m[31mrollback transaction[0m
  [1m[35m (0.5ms)[0m  [1m[34mSELECT sqlite_version(*)[0m
  [1m[35m (0.2ms)[0m  [1m[34mSELECT "ar_internal_metadata"."value" FROM "ar_internal_metadata" WHERE "ar_internal_metadata"."key" = ?[0m  [["key", "schema_sha1"]]
  [1m[35m (0.1ms)[0m  [1m[34mSELECT sqlite_version(*)[0m
  [1m[35m (0.1ms)[0m  [1m[34mSELECT "schema_migrations"."version" FROM "schema_migrations" ORDER BY "schema_migrations"."version" ASC[0m
  [1m[36mTRANSACTION (0.1ms)[0m  [1m[36mbegin transaction[0m
  [1m[35m (0.1ms)[0m  [1m[34mSELECT COUNT(*) FROM "members"[0m
Processing by MembersController#create as HTML
  Parameters: {"member"=>{"birthday"=>"01/01/1991", "email"=>"peterdrury@gmail.com", "name"=>"Peter", "surname"=>"Drury"}}
  [1m[35m (0.2ms)[0m  [1m[34mSELECT COUNT(*) FROM "members" WHERE "members"."active" = ?[0m  [["active", 1]]
  ↳ app/controllers/members_controller.rb:8:in `create'
  [1m[36mTRANSACTION (0.1ms)[0m  [1m[35mSAVEPOINT active_record_1[0m
  ↳ app/controllers/members_controller.rb:11:in `create'
  [1m[36mMember Create (0.3ms)[0m  [1m[32mINSERT INTO "members" ("name", "surname", "email", "birthday", "rank", "created_at", "updated_at") VALUES (?, ?, ?, ?, ?, ?, ?)[0m  [["name", "Peter"], ["surname", "Drury"], ["email", "peterdrury@gmail.com"], ["birthday", "01/01/1991"], ["rank", 5], ["created_at", "2021-10-15 07:38:52.659721"], ["updated_at", "2021-10-15 07:38:52.659721"]]
  ↳ app/controllers/members_controller.rb:11:in `create'
  [1m[36mTRANSACTION (0.1ms)[0m  [1m[35mRELEASE SAVEPOINT active_record_1[0m
  ↳ app/controllers/members_controller.rb:11:in `create'
Redirected to http://test.host/members/view_all
Completed 302 Found in 14ms (ActiveRecord: 0.8ms | Allocations: 8724)


  [1m[35m (0.1ms)[0m  [1m[34mSELECT COUNT(*) FROM "members"[0m
  [1m[36mMember Load (0.1ms)[0m  [1m[34mSELECT "members".* FROM "members" ORDER BY "members"."id" ASC LIMIT ?[0m  [["LIMIT", 1]]
  [1m[36mTRANSACTION (0.2ms)[0m  [1m[31mrollback transaction[0m
  [1m[36mTRANSACTION (0.1ms)[0m  [1m[36mbegin transaction[0m
  [1m[35m (0.1ms)[0m  [1m[34mSELECT COUNT(*) FROM "members"[0m
  [1m[36mTRANSACTION (0.1ms)[0m  [1m[35mSAVEPOINT active_record_1[0m
  [1m[36mMember Create (0.2ms)[0m  [1m[32mINSERT INTO "members" ("name", "surname", "created_at", "updated_at") VALUES (?, ?, ?, ?)[0m  [["name", "Peter"], ["surname", "Griffin"], ["created_at", "2021-10-15 07:38:52.688043"], ["updated_at", "2021-10-15 07:38:52.688043"]]
  [1m[36mTRANSACTION (0.1ms)[0m  [1m[35mRELEASE SAVEPOINT active_record_1[0m
  [1m[36mTRANSACTION (0.1ms)[0m  [1m[35mSAVEPOINT active_record_1[0m
  [1m[36mMember Create (0.1ms)[0m  [1m[32mINSERT INTO "members" ("name", "surname", "created_at", "updated_at") VALUES (?, ?, ?, ?)[0m  [["name", "Luke"], ["surname", "Griffin"], ["created_at", "2021-10-15 07:38:52.691678"], ["updated_at", "2021-10-15 07:38:52.691678"]]
  [1m[36mTRANSACTION (0.1ms)[0m  [1m[35mRELEASE SAVEPOINT active_record_1[0m
  [1m[36mTRANSACTION (0.1ms)[0m  [1m[35mSAVEPOINT active_record_1[0m
  [1m[36mMatch Create (0.2ms)[0m  [1m[32mINSERT INTO "matches" ("first_member_id", "second_member_id", "winning_member_id", "created_at", "updated_at") VALUES (?, ?, ?, ?, ?)[0m  [["first_member_id", 5], ["second_member_id", 6], ["winning_member_id", 1], ["created_at", "2021-10-15 07:38:52.699457"], ["updated_at", "2021-10-15 07:38:52.699457"]]
  [1m[36mTRANSACTION (0.1ms)[0m  [1m[35mRELEASE SAVEPOINT active_record_1[0m
  [1m[35m (0.1ms)[0m  [1m[34mSELECT COUNT(*) FROM "members"[0m
  [1m[35m (0.1ms)[0m  [1m[34mSELECT COUNT(*) FROM "matches"[0m
  [1m[36mMatch Load (0.1ms)[0m  [1m[34mSELECT "matches".* FROM "matches" ORDER BY "matches"."id" ASC LIMIT ?[0m  [["LIMIT", 1]]
  [1m[36mMatch Load (0.1ms)[0m  [1m[34mSELECT "matches".* FROM "matches" ORDER BY "matches"."id" ASC LIMIT ?[0m  [["LIMIT", 1]]
  [1m[36mTRANSACTION (0.2ms)[0m  [1m[31mrollback transaction[0m
  [1m[35m (0.4ms)[0m  [1m[34mSELECT sqlite_version(*)[0m
  [1m[35m (0.1ms)[0m  [1m[34mSELECT "ar_internal_metadata"."value" FROM "ar_internal_metadata" WHERE "ar_internal_metadata"."key" = ?[0m  [["key", "schema_sha1"]]
  [1m[35m (0.1ms)[0m  [1m[34mSELECT sqlite_version(*)[0m
  [1m[35m (0.1ms)[0m  [1m[34mSELECT "schema_migrations"."version" FROM "schema_migrations" ORDER BY "schema_migrations"."version" ASC[0m
  [1m[36mTRANSACTION (0.1ms)[0m  [1m[36mbegin transaction[0m
  [1m[35m (0.1ms)[0m  [1m[34mSELECT COUNT(*) FROM "members"[0m
Processing by MembersController#create as HTML
  Parameters: {"member"=>{"birthday"=>"01/01/1991", "email"=>"peterdrury@gmail.com", "name"=>"Peter", "surname"=>"Drury"}}
  [1m[35m (0.1ms)[0m  [1m[34mSELECT COUNT(*) FROM "members" WHERE "members"."active" = ?[0m  [["active", 1]]
  ↳ app/controllers/members_controller.rb:8:in `create'
  [1m[36mTRANSACTION (0.1ms)[0m  [1m[35mSAVEPOINT active_record_1[0m
  ↳ app/controllers/members_controller.rb:11:in `create'
  [1m[36mMember Create (0.4ms)[0m  [1m[32mINSERT INTO "members" ("name", "surname", "email", "birthday", "rank", "created_at", "updated_at") VALUES (?, ?, ?, ?, ?, ?, ?)[0m  [["name", "Peter"], ["surname", "Drury"], ["email", "peterdrury@gmail.com"], ["birthday", "01/01/1991"], ["rank", 5], ["created_at", "2021-10-15 07:39:16.122943"], ["updated_at", "2021-10-15 07:39:16.122943"]]
  ↳ app/controllers/members_controller.rb:11:in `create'
  [1m[36mTRANSACTION (0.1ms)[0m  [1m[35mRELEASE SAVEPOINT active_record_1[0m
  ↳ app/controllers/members_controller.rb:11:in `create'
Redirected to http://test.host/members/view_all
Completed 302 Found in 25ms (ActiveRecord: 1.0ms | Allocations: 8724)


  [1m[35m (0.1ms)[0m  [1m[34mSELECT COUNT(*) FROM "members"[0m
  [1m[36mMember Load (0.2ms)[0m  [1m[34mSELECT "members".* FROM "members" ORDER BY "members"."id" DESC LIMIT ?[0m  [["LIMIT", 1]]
  [1m[36mMember Load (0.1ms)[0m  [1m[34mSELECT "members".* FROM "members" ORDER BY "members"."id" DESC LIMIT ?[0m  [["LIMIT", 1]]
  [1m[36mMember Load (0.1ms)[0m  [1m[34mSELECT "members".* FROM "members" ORDER BY "members"."id" DESC LIMIT ?[0m  [["LIMIT", 1]]
  [1m[36mTRANSACTION (0.2ms)[0m  [1m[31mrollback transaction[0m
  [1m[36mTRANSACTION (0.1ms)[0m  [1m[36mbegin transaction[0m
  [1m[35m (0.1ms)[0m  [1m[34mSELECT COUNT(*) FROM "members"[0m
  [1m[36mTRANSACTION (0.1ms)[0m  [1m[35mSAVEPOINT active_record_1[0m
  [1m[36mMember Create (0.3ms)[0m  [1m[32mINSERT INTO "members" ("name", "surname", "created_at", "updated_at") VALUES (?, ?, ?, ?)[0m  [["name", "Peter"], ["surname", "Griffin"], ["created_at", "2021-10-15 07:39:16.155349"], ["updated_at", "2021-10-15 07:39:16.155349"]]
  [1m[36mTRANSACTION (0.1ms)[0m  [1m[35mRELEASE SAVEPOINT active_record_1[0m
  [1m[36mTRANSACTION (0.1ms)[0m  [1m[35mSAVEPOINT active_record_1[0m
  [1m[36mMember Create (0.1ms)[0m  [1m[32mINSERT INTO "members" ("name", "surname", "created_at", "updated_at") VALUES (?, ?, ?, ?)[0m  [["name", "Luke"], ["surname", "Griffin"], ["created_at", "2021-10-15 07:39:16.158823"], ["updated_at", "2021-10-15 07:39:16.158823"]]
  [1m[36mTRANSACTION (0.1ms)[0m  [1m[35mRELEASE SAVEPOINT active_record_1[0m
  [1m[36mTRANSACTION (0.1ms)[0m  [1m[35mSAVEPOINT active_record_1[0m
  [1m[36mMatch Create (0.2ms)[0m  [1m[32mINSERT INTO "matches" ("first_member_id", "second_member_id", "winning_member_id", "created_at", "updated_at") VALUES (?, ?, ?, ?, ?)[0m  [["first_member_id", 5], ["second_member_id", 6], ["winning_member_id", 1], ["created_at", "2021-10-15 07:39:16.166170"], ["updated_at", "2021-10-15 07:39:16.166170"]]
  [1m[36mTRANSACTION (0.1ms)[0m  [1m[35mRELEASE SAVEPOINT active_record_1[0m
  [1m[35m (0.1ms)[0m  [1m[34mSELECT COUNT(*) FROM "members"[0m
  [1m[35m (0.1ms)[0m  [1m[34mSELECT COUNT(*) FROM "matches"[0m
  [1m[36mMatch Load (0.1ms)[0m  [1m[34mSELECT "matches".* FROM "matches" ORDER BY "matches"."id" ASC LIMIT ?[0m  [["LIMIT", 1]]
  [1m[36mMatch Load (0.1ms)[0m  [1m[34mSELECT "matches".* FROM "matches" ORDER BY "matches"."id" ASC LIMIT ?[0m  [["LIMIT", 1]]
  [1m[36mTRANSACTION (0.2ms)[0m  [1m[31mrollback transaction[0m
  [1m[35m (0.4ms)[0m  [1m[34mSELECT sqlite_version(*)[0m
  [1m[35m (0.1ms)[0m  [1m[34mSELECT "ar_internal_metadata"."value" FROM "ar_internal_metadata" WHERE "ar_internal_metadata"."key" = ?[0m  [["key", "schema_sha1"]]
  [1m[35m (0.1ms)[0m  [1m[34mSELECT sqlite_version(*)[0m
  [1m[35m (0.2ms)[0m  [1m[34mSELECT "schema_migrations"."version" FROM "schema_migrations" ORDER BY "schema_migrations"."version" ASC[0m
  [1m[36mTRANSACTION (0.1ms)[0m  [1m[36mbegin transaction[0m
  [1m[35m (0.1ms)[0m  [1m[34mSELECT COUNT(*) FROM "members"[0m
Processing by MembersController#create as HTML
  Parameters: {"member"=>{"birthday"=>"01/01/1991", "email"=>"peterdrury@gmail.com", "name"=>"Peter", "surname"=>"Drury"}}
  [1m[35m (0.1ms)[0m  [1m[34mSELECT COUNT(*) FROM "members" WHERE "members"."active" = ?[0m  [["active", 1]]
  ↳ app/controllers/members_controller.rb:8:in `create'
  [1m[36mTRANSACTION (0.1ms)[0m  [1m[35mSAVEPOINT active_record_1[0m
  ↳ app/controllers/members_controller.rb:11:in `create'
  [1m[36mMember Create (0.3ms)[0m  [1m[32mINSERT INTO "members" ("name", "surname", "email", "birthday", "rank", "created_at", "updated_at") VALUES (?, ?, ?, ?, ?, ?, ?)[0m  [["name", "Peter"], ["surname", "Drury"], ["email", "peterdrury@gmail.com"], ["birthday", "01/01/1991"], ["rank", 5], ["created_at", "2021-10-15 07:39:42.959682"], ["updated_at", "2021-10-15 07:39:42.959682"]]
  ↳ app/controllers/members_controller.rb:11:in `create'
  [1m[36mTRANSACTION (0.1ms)[0m  [1m[35mRELEASE SAVEPOINT active_record_1[0m
  ↳ app/controllers/members_controller.rb:11:in `create'
Redirected to http://test.host/members/view_all
Completed 302 Found in 14ms (ActiveRecord: 0.8ms | Allocations: 8724)


  [1m[35m (0.1ms)[0m  [1m[34mSELECT COUNT(*) FROM "members"[0m
  [1m[36mMember Load (0.1ms)[0m  [1m[34mSELECT "members".* FROM "members" ORDER BY "members"."id" DESC LIMIT ?[0m  [["LIMIT", 1]]
  [1m[36mMember Load (0.1ms)[0m  [1m[34mSELECT "members".* FROM "members" ORDER BY "members"."id" DESC LIMIT ?[0m  [["LIMIT", 1]]
  [1m[36mMember Load (0.0ms)[0m  [1m[34mSELECT "members".* FROM "members" ORDER BY "members"."id" DESC LIMIT ?[0m  [["LIMIT", 1]]
  [1m[36mTRANSACTION (0.2ms)[0m  [1m[31mrollback transaction[0m
  [1m[36mTRANSACTION (0.1ms)[0m  [1m[36mbegin transaction[0m
  [1m[35m (0.1ms)[0m  [1m[34mSELECT COUNT(*) FROM "members"[0m
  [1m[36mTRANSACTION (0.1ms)[0m  [1m[35mSAVEPOINT active_record_1[0m
  [1m[36mMember Create (0.4ms)[0m  [1m[32mINSERT INTO "members" ("name", "surname", "created_at", "updated_at") VALUES (?, ?, ?, ?)[0m  [["name", "Peter"], ["surname", "Griffin"], ["created_at", "2021-10-15 07:39:42.981539"], ["updated_at", "2021-10-15 07:39:42.981539"]]
  [1m[36mTRANSACTION (0.1ms)[0m  [1m[35mRELEASE SAVEPOINT active_record_1[0m
  [1m[36mTRANSACTION (0.1ms)[0m  [1m[35mSAVEPOINT active_record_1[0m
  [1m[36mMember Create (0.2ms)[0m  [1m[32mINSERT INTO "members" ("name", "surname", "created_at", "updated_at") VALUES (?, ?, ?, ?)[0m  [["name", "Luke"], ["surname", "Griffin"], ["created_at", "2021-10-15 07:39:42.985831"], ["updated_at", "2021-10-15 07:39:42.985831"]]
  [1m[36mTRANSACTION (0.1ms)[0m  [1m[35mRELEASE SAVEPOINT active_record_1[0m
  [1m[36mTRANSACTION (0.1ms)[0m  [1m[35mSAVEPOINT active_record_1[0m
  [1m[36mMatch Create (0.3ms)[0m  [1m[32mINSERT INTO "matches" ("first_member_id", "second_member_id", "winning_member_id", "created_at", "updated_at") VALUES (?, ?, ?, ?, ?)[0m  [["first_member_id", 5], ["second_member_id", 6], ["winning_member_id", 1], ["created_at", "2021-10-15 07:39:42.993452"], ["updated_at", "2021-10-15 07:39:42.993452"]]
  [1m[36mTRANSACTION (0.1ms)[0m  [1m[35mRELEASE SAVEPOINT active_record_1[0m
  [1m[35m (0.1ms)[0m  [1m[34mSELECT COUNT(*) FROM "members"[0m
  [1m[35m (0.1ms)[0m  [1m[34mSELECT COUNT(*) FROM "matches"[0m
  [1m[36mMatch Load (0.1ms)[0m  [1m[34mSELECT "matches".* FROM "matches" ORDER BY "matches"."id" ASC LIMIT ?[0m  [["LIMIT", 1]]
  [1m[36mMatch Load (0.0ms)[0m  [1m[34mSELECT "matches".* FROM "matches" ORDER BY "matches"."id" ASC LIMIT ?[0m  [["LIMIT", 1]]
  [1m[36mTRANSACTION (0.2ms)[0m  [1m[31mrollback transaction[0m
  [1m[35m (0.6ms)[0m  [1m[34mSELECT sqlite_version(*)[0m
  [1m[35m (0.2ms)[0m  [1m[34mSELECT "ar_internal_metadata"."value" FROM "ar_internal_metadata" WHERE "ar_internal_metadata"."key" = ?[0m  [["key", "schema_sha1"]]
  [1m[35m (0.1ms)[0m  [1m[34mSELECT sqlite_version(*)[0m
  [1m[35m (0.2ms)[0m  [1m[34mSELECT "schema_migrations"."version" FROM "schema_migrations" ORDER BY "schema_migrations"."version" ASC[0m
  [1m[36mTRANSACTION (0.1ms)[0m  [1m[36mbegin transaction[0m
  [1m[35m (0.1ms)[0m  [1m[34mSELECT COUNT(*) FROM "members"[0m
Processing by MembersController#create as HTML
  Parameters: {"member"=>{"birthday"=>"01/01/1991", "email"=>"peterdrury@gmail.com", "name"=>"Peter", "surname"=>"Drury"}}
  [1m[35m (0.1ms)[0m  [1m[34mSELECT COUNT(*) FROM "members" WHERE "members"."active" = ?[0m  [["active", 1]]
  ↳ app/controllers/members_controller.rb:8:in `create'
  [1m[36mTRANSACTION (0.1ms)[0m  [1m[35mSAVEPOINT active_record_1[0m
  ↳ app/controllers/members_controller.rb:11:in `create'
  [1m[36mMember Create (0.4ms)[0m  [1m[32mINSERT INTO "members" ("name", "surname", "email", "birthday", "rank", "created_at", "updated_at") VALUES (?, ?, ?, ?, ?, ?, ?)[0m  [["name", "Peter"], ["surname", "Drury"], ["email", "peterdrury@gmail.com"], ["birthday", "01/01/1991"], ["rank", 5], ["created_at", "2021-10-15 07:39:58.080724"], ["updated_at", "2021-10-15 07:39:58.080724"]]
  ↳ app/controllers/members_controller.rb:11:in `create'
  [1m[36mTRANSACTION (0.1ms)[0m  [1m[35mRELEASE SAVEPOINT active_record_1[0m
  ↳ app/controllers/members_controller.rb:11:in `create'
Redirected to http://test.host/members/view_all
Completed 302 Found in 15ms (ActiveRecord: 0.9ms | Allocations: 8724)


  [1m[35m (0.1ms)[0m  [1m[34mSELECT COUNT(*) FROM "members"[0m
  [1m[36mMember Load (0.1ms)[0m  [1m[34mSELECT "members".* FROM "members" ORDER BY "members"."id" DESC LIMIT ?[0m  [["LIMIT", 1]]
  [1m[36mMember Load (0.1ms)[0m  [1m[34mSELECT "members".* FROM "members" ORDER BY "members"."id" DESC LIMIT ?[0m  [["LIMIT", 1]]
  [1m[36mMember Load (0.1ms)[0m  [1m[34mSELECT "members".* FROM "members" ORDER BY "members"."id" DESC LIMIT ?[0m  [["LIMIT", 1]]
  [1m[36mTRANSACTION (0.2ms)[0m  [1m[31mrollback transaction[0m
  [1m[36mTRANSACTION (0.1ms)[0m  [1m[36mbegin transaction[0m
  [1m[35m (0.1ms)[0m  [1m[34mSELECT COUNT(*) FROM "members"[0m
  [1m[36mTRANSACTION (0.1ms)[0m  [1m[35mSAVEPOINT active_record_1[0m
  [1m[36mMember Create (0.2ms)[0m  [1m[32mINSERT INTO "members" ("name", "surname", "created_at", "updated_at") VALUES (?, ?, ?, ?)[0m  [["name", "Peter"], ["surname", "Griffin"], ["created_at", "2021-10-15 07:39:58.102280"], ["updated_at", "2021-10-15 07:39:58.102280"]]
  [1m[36mTRANSACTION (0.1ms)[0m  [1m[35mRELEASE SAVEPOINT active_record_1[0m
  [1m[36mTRANSACTION (0.1ms)[0m  [1m[35mSAVEPOINT active_record_1[0m
  [1m[36mMember Create (0.2ms)[0m  [1m[32mINSERT INTO "members" ("name", "surname", "created_at", "updated_at") VALUES (?, ?, ?, ?)[0m  [["name", "Luke"], ["surname", "Griffin"], ["created_at", "2021-10-15 07:39:58.105862"], ["updated_at", "2021-10-15 07:39:58.105862"]]
  [1m[36mTRANSACTION (0.1ms)[0m  [1m[35mRELEASE SAVEPOINT active_record_1[0m
  [1m[36mTRANSACTION (0.1ms)[0m  [1m[35mSAVEPOINT active_record_1[0m
  [1m[36mMatch Create (0.3ms)[0m  [1m[32mINSERT INTO "matches" ("first_member_id", "second_member_id", "winning_member_id", "created_at", "updated_at") VALUES (?, ?, ?, ?, ?)[0m  [["first_member_id", 5], ["second_member_id", 6], ["winning_member_id", 1], ["created_at", "2021-10-15 07:39:58.116352"], ["updated_at", "2021-10-15 07:39:58.116352"]]
  [1m[36mTRANSACTION (0.1ms)[0m  [1m[35mRELEASE SAVEPOINT active_record_1[0m
  [1m[35m (0.1ms)[0m  [1m[34mSELECT COUNT(*) FROM "members"[0m
  [1m[35m (0.1ms)[0m  [1m[34mSELECT COUNT(*) FROM "matches"[0m
  [1m[36mMatch Load (0.1ms)[0m  [1m[34mSELECT "matches".* FROM "matches" ORDER BY "matches"."id" ASC LIMIT ?[0m  [["LIMIT", 1]]
  [1m[36mMatch Load (0.1ms)[0m  [1m[34mSELECT "matches".* FROM "matches" ORDER BY "matches"."id" ASC LIMIT ?[0m  [["LIMIT", 1]]
  [1m[36mTRANSACTION (0.2ms)[0m  [1m[31mrollback transaction[0m
